<?xml version="1.0" encoding="UTF-8"?>
<testng-results ignored="0" total="1" passed="1" failed="0" skipped="0">
  <reporter-output>
  </reporter-output>
  <suite started-at="2021-04-03T00:10:49 IST" name="Default suite" finished-at="2021-04-03T00:10:57 IST" duration-ms="7987">
    <groups>
    </groups>
    <test started-at="2021-04-03T00:10:49 IST" name="Default test" finished-at="2021-04-03T00:10:57 IST" duration-ms="7987">
      <class name="testcases.TC_001">
        <test-method signature="tc_001()[pri:0, instance:testcases.TC_001@3943a2be]" started-at="2021-04-03T00:10:49 IST" name="tc_001" finished-at="2021-04-03T00:10:57 IST" duration-ms="7956" status="PASS">
          <reporter-output>
          </reporter-output>
        </test-method> <!-- tc_001 -->
      </class> <!-- testcases.TC_001 -->
    </test> <!-- Default test -->
  </suite> <!-- Default suite -->
</testng-results>
